[0.802s] Invoking command in '/home/faraz/bumperbot_ws/src/bumperbot_py_examples': DEBUGINFOD_URLS=https://debuginfod.ubuntu.com PYTHONPATH=/home/faraz/bumperbot_ws/build/bumperbot_py_examples/prefix_override:/usr/lib/python3/dist-packages/colcon_core/task/python/colcon_distutils_commands:/home/faraz/bumperbot_ws/install/bumperbot_py_examples/lib/python3.12/site-packages:${PYTHONPATH} /usr/bin/python3 -W ignore:setup.py install is deprecated -W ignore:easy_install command is deprecated setup.py egg_info --egg-base ../../build/bumperbot_py_examples build --build-base /home/faraz/bumperbot_ws/build/bumperbot_py_examples/build install --record /home/faraz/bumperbot_ws/build/bumperbot_py_examples/install.log --single-version-externally-managed install_data
[1.047s] running egg_info
[1.064s] writing ../../build/bumperbot_py_examples/bumperbot_py_examples.egg-info/PKG-INFO
[1.064s] writing dependency_links to ../../build/bumperbot_py_examples/bumperbot_py_examples.egg-info/dependency_links.txt
[1.064s] writing entry points to ../../build/bumperbot_py_examples/bumperbot_py_examples.egg-info/entry_points.txt
[1.064s] writing requirements to ../../build/bumperbot_py_examples/bumperbot_py_examples.egg-info/requires.txt
[1.064s] writing top-level names to ../../build/bumperbot_py_examples/bumperbot_py_examples.egg-info/top_level.txt
[1.100s] reading manifest file '../../build/bumperbot_py_examples/bumperbot_py_examples.egg-info/SOURCES.txt'
[1.100s] writing manifest file '../../build/bumperbot_py_examples/bumperbot_py_examples.egg-info/SOURCES.txt'
[1.100s] running build
[1.100s] running build_py
[1.100s] copying bumperbot_py_examples/simple_subscriber.py -> /home/faraz/bumperbot_ws/build/bumperbot_py_examples/build/lib/bumperbot_py_examples
[1.101s] running install
[1.107s] running install_lib
[1.125s] copying /home/faraz/bumperbot_ws/build/bumperbot_py_examples/build/lib/bumperbot_py_examples/simple_subscriber.py -> /home/faraz/bumperbot_ws/install/bumperbot_py_examples/lib/python3.12/site-packages/bumperbot_py_examples
[1.125s] byte-compiling /home/faraz/bumperbot_ws/install/bumperbot_py_examples/lib/python3.12/site-packages/bumperbot_py_examples/simple_subscriber.py to simple_subscriber.cpython-312.pyc
[1.126s] running install_data
[1.126s] running install_egg_info
[1.144s] removing '/home/faraz/bumperbot_ws/install/bumperbot_py_examples/lib/python3.12/site-packages/bumperbot_py_examples-0.0.0-py3.12.egg-info' (and everything under it)
[1.144s] Copying ../../build/bumperbot_py_examples/bumperbot_py_examples.egg-info to /home/faraz/bumperbot_ws/install/bumperbot_py_examples/lib/python3.12/site-packages/bumperbot_py_examples-0.0.0-py3.12.egg-info
[1.145s] running install_scripts
[1.259s] Installing simple_publisher script to /home/faraz/bumperbot_ws/install/bumperbot_py_examples/lib/bumperbot_py_examples
[1.259s] Installing simple_subscriber script to /home/faraz/bumperbot_ws/install/bumperbot_py_examples/lib/bumperbot_py_examples
[1.260s] writing list of installed files to '/home/faraz/bumperbot_ws/build/bumperbot_py_examples/install.log'
[1.284s] Invoked command in '/home/faraz/bumperbot_ws/src/bumperbot_py_examples' returned '0': DEBUGINFOD_URLS=https://debuginfod.ubuntu.com PYTHONPATH=/home/faraz/bumperbot_ws/build/bumperbot_py_examples/prefix_override:/usr/lib/python3/dist-packages/colcon_core/task/python/colcon_distutils_commands:/home/faraz/bumperbot_ws/install/bumperbot_py_examples/lib/python3.12/site-packages:${PYTHONPATH} /usr/bin/python3 -W ignore:setup.py install is deprecated -W ignore:easy_install command is deprecated setup.py egg_info --egg-base ../../build/bumperbot_py_examples build --build-base /home/faraz/bumperbot_ws/build/bumperbot_py_examples/build install --record /home/faraz/bumperbot_ws/build/bumperbot_py_examples/install.log --single-version-externally-managed install_data
