[0.094s] DEBUG:colcon:Command line arguments: ['/usr/bin/colcon', 'build']
[0.094s] DEBUG:colcon:Parsed command line arguments: Namespace(log_base=None, log_level=None, verb_name='build', build_base='build', install_base='install', merge_install=False, symlink_install=False, test_result_base=None, continue_on_error=False, executor='parallel', parallel_workers=8, event_handlers=None, ignore_user_meta=False, metas=['./colcon.meta'], base_paths=['.'], packages_ignore=None, packages_ignore_regex=None, paths=None, packages_up_to=None, packages_up_to_regex=None, packages_above=None, packages_above_and_dependencies=None, packages_above_depth=None, packages_select_by_dep=None, packages_skip_by_dep=None, packages_skip_up_to=None, packages_select_build_failed=False, packages_skip_build_finished=False, packages_select_test_failures=False, packages_skip_test_passed=False, packages_select=None, packages_skip=None, packages_select_regex=None, packages_skip_regex=None, packages_start=None, packages_end=None, allow_overriding=[], cmake_args=None, cmake_target=None, cmake_target_skip_unavailable=False, cmake_clean_cache=False, cmake_clean_first=False, cmake_force_configure=False, ament_cmake_args=None, catkin_cmake_args=None, catkin_skip_building_tests=False, mixin_files=None, mixin=None, verb_parser=<colcon_mixin.mixin.mixin_argument.MixinArgumentDecorator object at 0x7dd596aa4bc0>, verb_extension=<colcon_core.verb.build.BuildVerb object at 0x7dd596aa43e0>, main=<bound method BuildVerb.main of <colcon_core.verb.build.BuildVerb object at 0x7dd596aa43e0>>, mixin_verb=('build',))
[0.125s] Level 1:colcon.colcon_core.package_discovery:discover_packages(colcon_meta) check parameters
[0.126s] Level 1:colcon.colcon_core.package_discovery:discover_packages(recursive) check parameters
[0.126s] Level 1:colcon.colcon_core.package_discovery:discover_packages(ignore) check parameters
[0.126s] Level 1:colcon.colcon_core.package_discovery:discover_packages(path) check parameters
[0.126s] Level 1:colcon.colcon_core.package_discovery:discover_packages(colcon_meta) discover
[0.126s] Level 1:colcon.colcon_core.package_discovery:discover_packages(recursive) discover
[0.126s] INFO:colcon.colcon_core.package_discovery:Crawling recursively for packages in '/home/faraz/bumperbot_ws/src'
[0.126s] Level 1:colcon.colcon_core.package_identification:_identify(.) by extensions ['ignore', 'ignore_ament_install']
[0.126s] Level 1:colcon.colcon_core.package_identification:_identify(.) by extension 'ignore'
[0.126s] Level 1:colcon.colcon_core.package_identification:_identify(.) by extension 'ignore_ament_install'
[0.126s] Level 1:colcon.colcon_core.package_identification:_identify(.) by extensions ['colcon_pkg']
[0.126s] Level 1:colcon.colcon_core.package_identification:_identify(.) by extension 'colcon_pkg'
[0.126s] Level 1:colcon.colcon_core.package_identification:_identify(.) by extensions ['colcon_meta']
[0.126s] Level 1:colcon.colcon_core.package_identification:_identify(.) by extension 'colcon_meta'
[0.126s] Level 1:colcon.colcon_core.package_identification:_identify(.) by extensions ['ros']
[0.126s] Level 1:colcon.colcon_core.package_identification:_identify(.) by extension 'ros'
[0.148s] Level 1:colcon.colcon_core.package_identification:_identify(.) by extensions ['cmake', 'python']
[0.148s] Level 1:colcon.colcon_core.package_identification:_identify(.) by extension 'cmake'
[0.148s] Level 1:colcon.colcon_core.package_identification:_identify(.) by extension 'python'
[0.148s] Level 1:colcon.colcon_core.package_identification:_identify(.) by extensions ['python_setup_py']
[0.148s] Level 1:colcon.colcon_core.package_identification:_identify(.) by extension 'python_setup_py'
[0.148s] Level 1:colcon.colcon_core.package_identification:_identify(build) by extensions ['ignore', 'ignore_ament_install']
[0.148s] Level 1:colcon.colcon_core.package_identification:_identify(build) by extension 'ignore'
[0.148s] Level 1:colcon.colcon_core.package_identification:_identify(build) ignored
[0.148s] Level 1:colcon.colcon_core.package_identification:_identify(bumper_description) by extensions ['ignore', 'ignore_ament_install']
[0.148s] Level 1:colcon.colcon_core.package_identification:_identify(bumper_description) by extension 'ignore'
[0.148s] Level 1:colcon.colcon_core.package_identification:_identify(bumper_description) by extension 'ignore_ament_install'
[0.149s] Level 1:colcon.colcon_core.package_identification:_identify(bumper_description) by extensions ['colcon_pkg']
[0.149s] Level 1:colcon.colcon_core.package_identification:_identify(bumper_description) by extension 'colcon_pkg'
[0.149s] Level 1:colcon.colcon_core.package_identification:_identify(bumper_description) by extensions ['colcon_meta']
[0.149s] Level 1:colcon.colcon_core.package_identification:_identify(bumper_description) by extension 'colcon_meta'
[0.149s] Level 1:colcon.colcon_core.package_identification:_identify(bumper_description) by extensions ['ros']
[0.149s] Level 1:colcon.colcon_core.package_identification:_identify(bumper_description) by extension 'ros'
[0.151s] DEBUG:colcon.colcon_core.package_identification:Package 'bumper_description' with type 'ros.ament_cmake' and name 'bumper_description'
[0.151s] Level 1:colcon.colcon_core.package_identification:_identify(bumperbot_py_examples) by extensions ['ignore', 'ignore_ament_install']
[0.151s] Level 1:colcon.colcon_core.package_identification:_identify(bumperbot_py_examples) by extension 'ignore'
[0.151s] Level 1:colcon.colcon_core.package_identification:_identify(bumperbot_py_examples) by extension 'ignore_ament_install'
[0.151s] Level 1:colcon.colcon_core.package_identification:_identify(bumperbot_py_examples) by extensions ['colcon_pkg']
[0.151s] Level 1:colcon.colcon_core.package_identification:_identify(bumperbot_py_examples) by extension 'colcon_pkg'
[0.151s] Level 1:colcon.colcon_core.package_identification:_identify(bumperbot_py_examples) by extensions ['colcon_meta']
[0.151s] Level 1:colcon.colcon_core.package_identification:_identify(bumperbot_py_examples) by extension 'colcon_meta'
[0.151s] Level 1:colcon.colcon_core.package_identification:_identify(bumperbot_py_examples) by extensions ['ros']
[0.151s] Level 1:colcon.colcon_core.package_identification:_identify(bumperbot_py_examples) by extension 'ros'
[0.152s] DEBUG:colcon.colcon_core.package_identification:Package 'bumperbot_py_examples' with type 'ros.ament_python' and name 'bumperbot_py_examples'
[0.152s] Level 1:colcon.colcon_core.package_identification:_identify(install) by extensions ['ignore', 'ignore_ament_install']
[0.152s] Level 1:colcon.colcon_core.package_identification:_identify(install) by extension 'ignore'
[0.152s] Level 1:colcon.colcon_core.package_identification:_identify(install) ignored
[0.152s] Level 1:colcon.colcon_core.package_identification:_identify(log) by extensions ['ignore', 'ignore_ament_install']
[0.152s] Level 1:colcon.colcon_core.package_identification:_identify(log) by extension 'ignore'
[0.152s] Level 1:colcon.colcon_core.package_identification:_identify(log) ignored
[0.152s] Level 1:colcon.colcon_core.package_discovery:discover_packages(recursive) using defaults
[0.152s] Level 1:colcon.colcon_core.package_discovery:discover_packages(ignore) discover
[0.152s] Level 1:colcon.colcon_core.package_discovery:discover_packages(ignore) using defaults
[0.152s] Level 1:colcon.colcon_core.package_discovery:discover_packages(path) discover
[0.152s] Level 1:colcon.colcon_core.package_discovery:discover_packages(path) using defaults
[0.168s] Level 1:colcon.colcon_core.package_discovery:discover_packages(prefix_path) check parameters
[0.168s] Level 1:colcon.colcon_core.package_discovery:discover_packages(prefix_path) discover
[0.170s] DEBUG:colcon.colcon_installed_package_information.package_discovery:Found 1 installed packages in /home/faraz/bumperbot_ws/install
[0.172s] DEBUG:colcon.colcon_installed_package_information.package_discovery:Found 383 installed packages in /opt/ros/jazzy
[0.173s] Level 1:colcon.colcon_core.package_discovery:discover_packages(prefix_path) using defaults
[0.216s] Level 5:colcon.colcon_core.verb:set package 'bumper_description' build argument 'cmake_args' from command line to 'None'
[0.216s] Level 5:colcon.colcon_core.verb:set package 'bumper_description' build argument 'cmake_target' from command line to 'None'
[0.216s] Level 5:colcon.colcon_core.verb:set package 'bumper_description' build argument 'cmake_target_skip_unavailable' from command line to 'False'
[0.216s] Level 5:colcon.colcon_core.verb:set package 'bumper_description' build argument 'cmake_clean_cache' from command line to 'False'
[0.216s] Level 5:colcon.colcon_core.verb:set package 'bumper_description' build argument 'cmake_clean_first' from command line to 'False'
[0.216s] Level 5:colcon.colcon_core.verb:set package 'bumper_description' build argument 'cmake_force_configure' from command line to 'False'
[0.216s] Level 5:colcon.colcon_core.verb:set package 'bumper_description' build argument 'ament_cmake_args' from command line to 'None'
[0.216s] Level 5:colcon.colcon_core.verb:set package 'bumper_description' build argument 'catkin_cmake_args' from command line to 'None'
[0.216s] Level 5:colcon.colcon_core.verb:set package 'bumper_description' build argument 'catkin_skip_building_tests' from command line to 'False'
[0.216s] DEBUG:colcon.colcon_core.verb:Building package 'bumper_description' with the following arguments: {'ament_cmake_args': None, 'build_base': '/home/faraz/bumperbot_ws/src/build/bumper_description', 'catkin_cmake_args': None, 'catkin_skip_building_tests': False, 'cmake_args': None, 'cmake_clean_cache': False, 'cmake_clean_first': False, 'cmake_force_configure': False, 'cmake_target': None, 'cmake_target_skip_unavailable': False, 'install_base': '/home/faraz/bumperbot_ws/src/install/bumper_description', 'merge_install': False, 'path': '/home/faraz/bumperbot_ws/src/bumper_description', 'symlink_install': False, 'test_result_base': None}
[0.216s] Level 5:colcon.colcon_core.verb:set package 'bumperbot_py_examples' build argument 'cmake_args' from command line to 'None'
[0.216s] Level 5:colcon.colcon_core.verb:set package 'bumperbot_py_examples' build argument 'cmake_target' from command line to 'None'
[0.216s] Level 5:colcon.colcon_core.verb:set package 'bumperbot_py_examples' build argument 'cmake_target_skip_unavailable' from command line to 'False'
[0.216s] Level 5:colcon.colcon_core.verb:set package 'bumperbot_py_examples' build argument 'cmake_clean_cache' from command line to 'False'
[0.216s] Level 5:colcon.colcon_core.verb:set package 'bumperbot_py_examples' build argument 'cmake_clean_first' from command line to 'False'
[0.216s] Level 5:colcon.colcon_core.verb:set package 'bumperbot_py_examples' build argument 'cmake_force_configure' from command line to 'False'
[0.216s] Level 5:colcon.colcon_core.verb:set package 'bumperbot_py_examples' build argument 'ament_cmake_args' from command line to 'None'
[0.216s] Level 5:colcon.colcon_core.verb:set package 'bumperbot_py_examples' build argument 'catkin_cmake_args' from command line to 'None'
[0.216s] Level 5:colcon.colcon_core.verb:set package 'bumperbot_py_examples' build argument 'catkin_skip_building_tests' from command line to 'False'
[0.216s] DEBUG:colcon.colcon_core.verb:Building package 'bumperbot_py_examples' with the following arguments: {'ament_cmake_args': None, 'build_base': '/home/faraz/bumperbot_ws/src/build/bumperbot_py_examples', 'catkin_cmake_args': None, 'catkin_skip_building_tests': False, 'cmake_args': None, 'cmake_clean_cache': False, 'cmake_clean_first': False, 'cmake_force_configure': False, 'cmake_target': None, 'cmake_target_skip_unavailable': False, 'install_base': '/home/faraz/bumperbot_ws/src/install/bumperbot_py_examples', 'merge_install': False, 'path': '/home/faraz/bumperbot_ws/src/bumperbot_py_examples', 'symlink_install': False, 'test_result_base': None}
[0.216s] INFO:colcon.colcon_core.executor:Executing jobs using 'parallel' executor
[0.217s] DEBUG:colcon.colcon_parallel_executor.executor.parallel:run_until_complete
[0.217s] INFO:colcon.colcon_ros.task.ament_cmake.build:Building ROS package in '/home/faraz/bumperbot_ws/src/bumper_description' with build type 'ament_cmake'
[0.217s] INFO:colcon.colcon_cmake.task.cmake.build:Building CMake package in '/home/faraz/bumperbot_ws/src/bumper_description'
[0.221s] INFO:colcon.colcon_core.plugin_system:Skipping extension 'colcon_core.shell.bat': Not used on non-Windows systems
[0.221s] INFO:colcon.colcon_core.shell:Skip shell extension 'powershell' for command environment: Not usable outside of PowerShell
[0.221s] DEBUG:colcon.colcon_core.shell:Skip shell extension 'dsv' for command environment
[0.225s] INFO:colcon.colcon_ros.task.ament_python.build:Building ROS package in '/home/faraz/bumperbot_ws/src/bumperbot_py_examples' with build type 'ament_python'
[0.225s] Level 1:colcon.colcon_core.shell:create_environment_hook('bumperbot_py_examples', 'ament_prefix_path')
[0.226s] INFO:colcon.colcon_core.shell:Creating environment hook '/home/faraz/bumperbot_ws/src/install/bumperbot_py_examples/share/bumperbot_py_examples/hook/ament_prefix_path.ps1'
[0.227s] INFO:colcon.colcon_core.shell:Creating environment descriptor '/home/faraz/bumperbot_ws/src/install/bumperbot_py_examples/share/bumperbot_py_examples/hook/ament_prefix_path.dsv'
[0.228s] INFO:colcon.colcon_core.shell:Creating environment hook '/home/faraz/bumperbot_ws/src/install/bumperbot_py_examples/share/bumperbot_py_examples/hook/ament_prefix_path.sh'
[0.228s] INFO:colcon.colcon_core.shell:Skip shell extension 'powershell' for command environment: Not usable outside of PowerShell
[0.229s] DEBUG:colcon.colcon_core.shell:Skip shell extension 'dsv' for command environment
[0.234s] DEBUG:colcon.colcon_core.event_handler.log_command:Invoking command in '/home/faraz/bumperbot_ws/src/build/bumper_description': CMAKE_PREFIX_PATH=${CMAKE_PREFIX_PATH}:/home/faraz/bumperbot_ws/install/bumperbot_py_examples:/opt/ros/jazzy DEBUGINFOD_URLS=https://debuginfod.ubuntu.com /usr/bin/cmake /home/faraz/bumperbot_ws/src/bumper_description -DCMAKE_INSTALL_PREFIX=/home/faraz/bumperbot_ws/src/install/bumper_description
[0.457s] INFO:colcon.colcon_core.task.python.build:Building Python package in '/home/faraz/bumperbot_ws/src/bumperbot_py_examples'
[0.457s] INFO:colcon.colcon_core.shell:Skip shell extension 'powershell' for command environment: Not usable outside of PowerShell
[0.457s] DEBUG:colcon.colcon_core.shell:Skip shell extension 'dsv' for command environment
[1.059s] DEBUG:colcon.colcon_core.event_handler.log_command:Invoking command in '/home/faraz/bumperbot_ws/src/bumperbot_py_examples': DEBUGINFOD_URLS=https://debuginfod.ubuntu.com PYTHONPATH=/home/faraz/bumperbot_ws/src/build/bumperbot_py_examples/prefix_override:/usr/lib/python3/dist-packages/colcon_core/task/python/colcon_distutils_commands:/home/faraz/bumperbot_ws/src/install/bumperbot_py_examples/lib/python3.12/site-packages:${PYTHONPATH} /usr/bin/python3 -W ignore:setup.py install is deprecated -W ignore:easy_install command is deprecated setup.py egg_info --egg-base ../build/bumperbot_py_examples build --build-base /home/faraz/bumperbot_ws/src/build/bumperbot_py_examples/build install --record /home/faraz/bumperbot_ws/src/build/bumperbot_py_examples/install.log --single-version-externally-managed install_data
[1.118s] DEBUG:colcon.colcon_core.event_handler.log_command:Invoked command in '/home/faraz/bumperbot_ws/src/build/bumper_description' returned '0': CMAKE_PREFIX_PATH=${CMAKE_PREFIX_PATH}:/home/faraz/bumperbot_ws/install/bumperbot_py_examples:/opt/ros/jazzy DEBUGINFOD_URLS=https://debuginfod.ubuntu.com /usr/bin/cmake /home/faraz/bumperbot_ws/src/bumper_description -DCMAKE_INSTALL_PREFIX=/home/faraz/bumperbot_ws/src/install/bumper_description
[1.119s] DEBUG:colcon.colcon_core.event_handler.log_command:Invoking command in '/home/faraz/bumperbot_ws/src/build/bumper_description': CMAKE_PREFIX_PATH=${CMAKE_PREFIX_PATH}:/home/faraz/bumperbot_ws/install/bumperbot_py_examples:/opt/ros/jazzy DEBUGINFOD_URLS=https://debuginfod.ubuntu.com /usr/bin/cmake --build /home/faraz/bumperbot_ws/src/build/bumper_description -- -j8 -l8
[1.159s] DEBUG:colcon.colcon_core.event_handler.log_command:Invoked command in '/home/faraz/bumperbot_ws/src/build/bumper_description' returned '0': CMAKE_PREFIX_PATH=${CMAKE_PREFIX_PATH}:/home/faraz/bumperbot_ws/install/bumperbot_py_examples:/opt/ros/jazzy DEBUGINFOD_URLS=https://debuginfod.ubuntu.com /usr/bin/cmake --build /home/faraz/bumperbot_ws/src/build/bumper_description -- -j8 -l8
[1.168s] DEBUG:colcon.colcon_core.event_handler.log_command:Invoking command in '/home/faraz/bumperbot_ws/src/build/bumper_description': CMAKE_PREFIX_PATH=${CMAKE_PREFIX_PATH}:/home/faraz/bumperbot_ws/install/bumperbot_py_examples:/opt/ros/jazzy DEBUGINFOD_URLS=https://debuginfod.ubuntu.com /usr/bin/cmake --install /home/faraz/bumperbot_ws/src/build/bumper_description
[1.187s] DEBUG:colcon.colcon_core.event_handler.log_command:Invoked command in '/home/faraz/bumperbot_ws/src/build/bumper_description' returned '1': CMAKE_PREFIX_PATH=${CMAKE_PREFIX_PATH}:/home/faraz/bumperbot_ws/install/bumperbot_py_examples:/opt/ros/jazzy DEBUGINFOD_URLS=https://debuginfod.ubuntu.com /usr/bin/cmake --install /home/faraz/bumperbot_ws/src/build/bumper_description
[1.187s] Level 1:colcon.colcon_core.environment:create_environment_scripts_only(bumper_description)
[1.189s] Level 1:colcon.colcon_core.environment:checking '/home/faraz/bumperbot_ws/src/install/bumper_description' for CMake module files
[1.190s] Level 1:colcon.colcon_core.environment:checking '/home/faraz/bumperbot_ws/src/install/bumper_description' for CMake config files
[1.190s] Level 1:colcon.colcon_core.environment:checking '/home/faraz/bumperbot_ws/src/install/bumper_description/bin'
[1.190s] Level 1:colcon.colcon_core.environment:checking '/home/faraz/bumperbot_ws/src/install/bumper_description/lib/pkgconfig/bumper_description.pc'
[1.190s] Level 1:colcon.colcon_core.environment:checking '/home/faraz/bumperbot_ws/src/install/bumper_description/lib/python3.12/site-packages'
[1.190s] Level 1:colcon.colcon_core.environment:checking '/home/faraz/bumperbot_ws/src/install/bumper_description/bin'
[1.191s] INFO:colcon.colcon_core.shell:Creating package script '/home/faraz/bumperbot_ws/src/install/bumper_description/share/bumper_description/package.ps1'
[1.191s] INFO:colcon.colcon_core.shell:Creating package descriptor '/home/faraz/bumperbot_ws/src/install/bumper_description/share/bumper_description/package.dsv'
[1.192s] INFO:colcon.colcon_core.shell:Creating package script '/home/faraz/bumperbot_ws/src/install/bumper_description/share/bumper_description/package.sh'
[1.192s] INFO:colcon.colcon_core.shell:Creating package script '/home/faraz/bumperbot_ws/src/install/bumper_description/share/bumper_description/package.bash'
[1.193s] INFO:colcon.colcon_core.shell:Creating package script '/home/faraz/bumperbot_ws/src/install/bumper_description/share/bumper_description/package.zsh'
[1.193s] Level 1:colcon.colcon_core.environment:create_file_with_runtime_dependencies(/home/faraz/bumperbot_ws/src/install/bumper_description/share/colcon-core/packages/bumper_description)
[1.573s] DEBUG:colcon.colcon_parallel_executor.executor.parallel:closing loop
[1.573s] DEBUG:colcon.colcon_parallel_executor.executor.parallel:loop closed
[1.573s] DEBUG:colcon.colcon_parallel_executor.executor.parallel:run_until_complete finished with '1'
[1.573s] DEBUG:colcon.colcon_core.event_reactor:joining thread
[1.582s] INFO:colcon.colcon_core.plugin_system:Skipping extension 'colcon_notification.desktop_notification.terminal_notifier': Not used on non-Darwin systems
[1.582s] INFO:colcon.colcon_core.plugin_system:Skipping extension 'colcon_notification.desktop_notification.win32': Not used on non-Windows systems
[1.582s] INFO:colcon.colcon_notification.desktop_notification:Sending desktop notification using 'notify2'
[1.595s] DEBUG:colcon.colcon_core.event_reactor:joined thread
[1.595s] INFO:colcon.colcon_core.shell:Creating prefix script '/home/faraz/bumperbot_ws/src/install/local_setup.ps1'
[1.596s] INFO:colcon.colcon_core.shell:Creating prefix util module '/home/faraz/bumperbot_ws/src/install/_local_setup_util_ps1.py'
[1.597s] INFO:colcon.colcon_core.shell:Creating prefix chain script '/home/faraz/bumperbot_ws/src/install/setup.ps1'
[1.598s] INFO:colcon.colcon_core.shell:Creating prefix script '/home/faraz/bumperbot_ws/src/install/local_setup.sh'
[1.598s] INFO:colcon.colcon_core.shell:Creating prefix util module '/home/faraz/bumperbot_ws/src/install/_local_setup_util_sh.py'
[1.599s] INFO:colcon.colcon_core.shell:Creating prefix chain script '/home/faraz/bumperbot_ws/src/install/setup.sh'
[1.600s] INFO:colcon.colcon_core.shell:Creating prefix script '/home/faraz/bumperbot_ws/src/install/local_setup.bash'
[1.601s] INFO:colcon.colcon_core.shell:Creating prefix chain script '/home/faraz/bumperbot_ws/src/install/setup.bash'
[1.601s] INFO:colcon.colcon_core.shell:Creating prefix script '/home/faraz/bumperbot_ws/src/install/local_setup.zsh'
[1.602s] INFO:colcon.colcon_core.shell:Creating prefix chain script '/home/faraz/bumperbot_ws/src/install/setup.zsh'
