-- Install configuration: ""
-- Up-to-date: /home/faraz/bumperbot_ws/install/bumper_description/share/bumper_description/meshes
-- Up-to-date: /home/faraz/bumperbot_ws/install/bumper_description/share/bumper_description/meshes/caster_front_link.STL
-- Up-to-date: /home/faraz/bumperbot_ws/install/bumper_description/share/bumper_description/meshes/imu_link.STL
-- Up-to-date: /home/faraz/bumperbot_ws/install/bumper_description/share/bumper_description/meshes/wheel_right_link.STL
-- Up-to-date: /home/faraz/bumperbot_ws/install/bumper_description/share/bumper_description/meshes/wheel_left_link.STL
-- Up-to-date: /home/faraz/bumperbot_ws/install/bumper_description/share/bumper_description/meshes/caster_rear_link.STL
-- Up-to-date: /home/faraz/bumperbot_ws/install/bumper_description/share/bumper_description/meshes/base_link.STL
-- Up-to-date: /home/faraz/bumperbot_ws/install/bumper_description/share/bumper_description/urdf
-- Installing: /home/faraz/bumperbot_ws/install/bumper_description/share/bumper_description/urdf/bumperbot.urdf.xacro
-- Up-to-date: /home/faraz/bumperbot_ws/install/bumper_description/share/ament_index/resource_index/package_run_dependencies/bumper_description
-- Up-to-date: /home/faraz/bumperbot_ws/install/bumper_description/share/ament_index/resource_index/parent_prefix_path/bumper_description
-- Up-to-date: /home/faraz/bumperbot_ws/install/bumper_description/share/bumper_description/environment/ament_prefix_path.sh
-- Up-to-date: /home/faraz/bumperbot_ws/install/bumper_description/share/bumper_description/environment/ament_prefix_path.dsv
-- Up-to-date: /home/faraz/bumperbot_ws/install/bumper_description/share/bumper_description/environment/path.sh
-- Up-to-date: /home/faraz/bumperbot_ws/install/bumper_description/share/bumper_description/environment/path.dsv
-- Up-to-date: /home/faraz/bumperbot_ws/install/bumper_description/share/bumper_description/local_setup.bash
-- Up-to-date: /home/faraz/bumperbot_ws/install/bumper_description/share/bumper_description/local_setup.sh
-- Up-to-date: /home/faraz/bumperbot_ws/install/bumper_description/share/bumper_description/local_setup.zsh
-- Up-to-date: /home/faraz/bumperbot_ws/install/bumper_description/share/bumper_description/local_setup.dsv
-- Up-to-date: /home/faraz/bumperbot_ws/install/bumper_description/share/bumper_description/package.dsv
-- Up-to-date: /home/faraz/bumperbot_ws/install/bumper_description/share/ament_index/resource_index/packages/bumper_description
-- Up-to-date: /home/faraz/bumperbot_ws/install/bumper_description/share/bumper_description/cmake/bumper_descriptionConfig.cmake
-- Up-to-date: /home/faraz/bumperbot_ws/install/bumper_description/share/bumper_description/cmake/bumper_descriptionConfig-version.cmake
-- Up-to-date: /home/faraz/bumperbot_ws/install/bumper_description/share/bumper_description/package.xml
