[0.020s] Invoking command in '/home/faraz/bumperbot_ws/build/bumper_description': CMAKE_PREFIX_PATH=${CMAKE_PREFIX_PATH}:/home/faraz/bumperbot_ws/install/bumperbot_py_examples:/opt/ros/jazzy DEBUGINFOD_URLS=https://debuginfod.ubuntu.com /usr/bin/cmake --build /home/faraz/bumperbot_ws/build/bumper_description -- -j8 -l8
[0.223s] Invoked command in '/home/faraz/bumperbot_ws/build/bumper_description' returned '0': CMAKE_PREFIX_PATH=${CMAKE_PREFIX_PATH}:/home/faraz/bumperbot_ws/install/bumperbot_py_examples:/opt/ros/jazzy DEBUGINFOD_URLS=https://debuginfod.ubuntu.com /usr/bin/cmake --build /home/faraz/bumperbot_ws/build/bumper_description -- -j8 -l8
[0.232s] Invoking command in '/home/faraz/bumperbot_ws/build/bumper_description': CMAKE_PREFIX_PATH=${CMAKE_PREFIX_PATH}:/home/faraz/bumperbot_ws/install/bumperbot_py_examples:/opt/ros/jazzy DEBUGINFOD_URLS=https://debuginfod.ubuntu.com /usr/bin/cmake --install /home/faraz/bumperbot_ws/build/bumper_description
[0.239s] -- Install configuration: ""
[0.239s] -- Up-to-date: /home/faraz/bumperbot_ws/install/bumper_description/share/bumper_description/meshes
[0.240s] -- Up-to-date: /home/faraz/bumperbot_ws/install/bumper_description/share/bumper_description/meshes/caster_front_link.STL
[0.240s] -- Up-to-date: /home/faraz/bumperbot_ws/install/bumper_description/share/bumper_description/meshes/imu_link.STL
[0.240s] -- Up-to-date: /home/faraz/bumperbot_ws/install/bumper_description/share/bumper_description/meshes/wheel_right_link.STL
[0.240s] -- Up-to-date: /home/faraz/bumperbot_ws/install/bumper_description/share/bumper_description/meshes/wheel_left_link.STL
[0.240s] -- Up-to-date: /home/faraz/bumperbot_ws/install/bumper_description/share/bumper_description/meshes/caster_rear_link.STL
[0.240s] -- Up-to-date: /home/faraz/bumperbot_ws/install/bumper_description/share/bumper_description/meshes/base_link.STL
[0.240s] -- Up-to-date: /home/faraz/bumperbot_ws/install/bumper_description/share/bumper_description/urdf
[0.240s] -- Installing: /home/faraz/bumperbot_ws/install/bumper_description/share/bumper_description/urdf/bumperbot.urdf.xacro
[0.240s] -- Up-to-date: /home/faraz/bumperbot_ws/install/bumper_description/share/ament_index/resource_index/package_run_dependencies/bumper_description
[0.240s] -- Up-to-date: /home/faraz/bumperbot_ws/install/bumper_description/share/ament_index/resource_index/parent_prefix_path/bumper_description
[0.240s] -- Up-to-date: /home/faraz/bumperbot_ws/install/bumper_description/share/bumper_description/environment/ament_prefix_path.sh
[0.240s] -- Up-to-date: /home/faraz/bumperbot_ws/install/bumper_description/share/bumper_description/environment/ament_prefix_path.dsv
[0.240s] -- Up-to-date: /home/faraz/bumperbot_ws/install/bumper_description/share/bumper_description/environment/path.sh
[0.240s] -- Up-to-date: /home/faraz/bumperbot_ws/install/bumper_description/share/bumper_description/environment/path.dsv
[0.240s] -- Up-to-date: /home/faraz/bumperbot_ws/install/bumper_description/share/bumper_description/local_setup.bash
[0.240s] -- Up-to-date: /home/faraz/bumperbot_ws/install/bumper_description/share/bumper_description/local_setup.sh
[0.241s] -- Up-to-date: /home/faraz/bumperbot_ws/install/bumper_description/share/bumper_description/local_setup.zsh
[0.241s] -- Up-to-date: /home/faraz/bumperbot_ws/install/bumper_description/share/bumper_description/local_setup.dsv
[0.241s] -- Up-to-date: /home/faraz/bumperbot_ws/install/bumper_description/share/bumper_description/package.dsv
[0.241s] -- Up-to-date: /home/faraz/bumperbot_ws/install/bumper_description/share/ament_index/resource_index/packages/bumper_description
[0.241s] -- Up-to-date: /home/faraz/bumperbot_ws/install/bumper_description/share/bumper_description/cmake/bumper_descriptionConfig.cmake
[0.241s] -- Up-to-date: /home/faraz/bumperbot_ws/install/bumper_description/share/bumper_description/cmake/bumper_descriptionConfig-version.cmake
[0.241s] -- Up-to-date: /home/faraz/bumperbot_ws/install/bumper_description/share/bumper_description/package.xml
[0.242s] Invoked command in '/home/faraz/bumperbot_ws/build/bumper_description' returned '0': CMAKE_PREFIX_PATH=${CMAKE_PREFIX_PATH}:/home/faraz/bumperbot_ws/install/bumperbot_py_examples:/opt/ros/jazzy DEBUGINFOD_URLS=https://debuginfod.ubuntu.com /usr/bin/cmake --install /home/faraz/bumperbot_ws/build/bumper_description
