[0.746s] Invoking command in '/home/faraz/bumperbot_ws/src/bumperbot_py_examples': DEBUGINFOD_URLS=https://debuginfod.ubuntu.com PYTHONPATH=/home/faraz/bumperbot_ws/build/bumperbot_py_examples/prefix_override:/usr/lib/python3/dist-packages/colcon_core/task/python/colcon_distutils_commands:/home/faraz/bumperbot_ws/install/bumperbot_py_examples/lib/python3.12/site-packages:${PYTHONPATH} /usr/bin/python3 -W ignore:setup.py install is deprecated -W ignore:easy_install command is deprecated setup.py egg_info --egg-base ../../build/bumperbot_py_examples build --build-base /home/faraz/bumperbot_ws/build/bumperbot_py_examples/build install --record /home/faraz/bumperbot_ws/build/bumperbot_py_examples/install.log --single-version-externally-managed install_data
[0.979s] running egg_info
[0.996s] writing ../../build/bumperbot_py_examples/bumperbot_py_examples.egg-info/PKG-INFO
[0.996s] writing dependency_links to ../../build/bumperbot_py_examples/bumperbot_py_examples.egg-info/dependency_links.txt
[0.996s] writing entry points to ../../build/bumperbot_py_examples/bumperbot_py_examples.egg-info/entry_points.txt
[0.997s] writing requirements to ../../build/bumperbot_py_examples/bumperbot_py_examples.egg-info/requires.txt
[0.997s] writing top-level names to ../../build/bumperbot_py_examples/bumperbot_py_examples.egg-info/top_level.txt
[1.035s] reading manifest file '../../build/bumperbot_py_examples/bumperbot_py_examples.egg-info/SOURCES.txt'
[1.035s] writing manifest file '../../build/bumperbot_py_examples/bumperbot_py_examples.egg-info/SOURCES.txt'
[1.035s] running build
[1.035s] running build_py
[1.036s] running install
[1.042s] running install_lib
[1.060s] running install_data
[1.060s] running install_egg_info
[1.079s] removing '/home/faraz/bumperbot_ws/install/bumperbot_py_examples/lib/python3.12/site-packages/bumperbot_py_examples-0.0.0-py3.12.egg-info' (and everything under it)
[1.079s] Copying ../../build/bumperbot_py_examples/bumperbot_py_examples.egg-info to /home/faraz/bumperbot_ws/install/bumperbot_py_examples/lib/python3.12/site-packages/bumperbot_py_examples-0.0.0-py3.12.egg-info
[1.080s] running install_scripts
[1.194s] Installing simple_publisher script to /home/faraz/bumperbot_ws/install/bumperbot_py_examples/lib/bumperbot_py_examples
[1.194s] Installing simple_subscriber script to /home/faraz/bumperbot_ws/install/bumperbot_py_examples/lib/bumperbot_py_examples
[1.194s] writing list of installed files to '/home/faraz/bumperbot_ws/build/bumperbot_py_examples/install.log'
[1.223s] Invoked command in '/home/faraz/bumperbot_ws/src/bumperbot_py_examples' returned '0': DEBUGINFOD_URLS=https://debuginfod.ubuntu.com PYTHONPATH=/home/faraz/bumperbot_ws/build/bumperbot_py_examples/prefix_override:/usr/lib/python3/dist-packages/colcon_core/task/python/colcon_distutils_commands:/home/faraz/bumperbot_ws/install/bumperbot_py_examples/lib/python3.12/site-packages:${PYTHONPATH} /usr/bin/python3 -W ignore:setup.py install is deprecated -W ignore:easy_install command is deprecated setup.py egg_info --egg-base ../../build/bumperbot_py_examples build --build-base /home/faraz/bumperbot_ws/build/bumperbot_py_examples/build install --record /home/faraz/bumperbot_ws/build/bumperbot_py_examples/install.log --single-version-externally-managed install_data
