[0.018s] Invoking command in '/home/faraz/bumperbot_ws/build/bumper_description': CMAKE_PREFIX_PATH=${CMAKE_PREFIX_PATH}:/home/faraz/bumperbot_ws/install/bumperbot_py_examples:/opt/ros/jazzy DEBUGINFOD_URLS=https://debuginfod.ubuntu.com /usr/bin/cmake /home/faraz/bumperbot_ws/src/bumper_description -DCMAKE_INSTALL_PREFIX=/home/faraz/bumperbot_ws/install/bumper_description
[0.068s] -- The C compiler identification is GNU 13.3.0
[0.121s] -- The CXX compiler identification is GNU 13.3.0
[0.134s] -- Detecting C compiler ABI info
[0.212s] -- Detecting C compiler ABI info - done
[0.220s] -- Check for working C compiler: /usr/bin/cc - skipped
[0.220s] -- Detecting C compile features
[0.221s] -- Detecting C compile features - done
[0.230s] -- Detecting CXX compiler ABI info
[0.320s] -- Detecting CXX compiler ABI info - done
[0.329s] -- Check for working CXX compiler: /usr/bin/c++ - skipped
[0.329s] -- Detecting CXX compile features
[0.330s] -- Detecting CXX compile features - done
[0.335s] -- Found ament_cmake: 2.5.4 (/opt/ros/jazzy/share/ament_cmake/cmake)
[0.480s] -- Found Python3: /usr/bin/python3 (found version "3.12.3") found components: Interpreter 
[0.591s] -- Found ament_lint_auto: 0.17.2 (/opt/ros/jazzy/share/ament_lint_auto/cmake)
[0.695s] -- Added test 'lint_cmake' to check CMake code style
[0.696s] -- Added test 'xmllint' to check XML markup files
[0.698s] -- Configuring done (0.7s)
[0.700s] -- Generating done (0.0s)
[0.701s] -- Build files have been written to: /home/faraz/bumperbot_ws/build/bumper_description
[0.707s] Invoked command in '/home/faraz/bumperbot_ws/build/bumper_description' returned '0': CMAKE_PREFIX_PATH=${CMAKE_PREFIX_PATH}:/home/faraz/bumperbot_ws/install/bumperbot_py_examples:/opt/ros/jazzy DEBUGINFOD_URLS=https://debuginfod.ubuntu.com /usr/bin/cmake /home/faraz/bumperbot_ws/src/bumper_description -DCMAKE_INSTALL_PREFIX=/home/faraz/bumperbot_ws/install/bumper_description
[0.708s] Invoking command in '/home/faraz/bumperbot_ws/build/bumper_description': CMAKE_PREFIX_PATH=${CMAKE_PREFIX_PATH}:/home/faraz/bumperbot_ws/install/bumperbot_py_examples:/opt/ros/jazzy DEBUGINFOD_URLS=https://debuginfod.ubuntu.com /usr/bin/cmake --build /home/faraz/bumperbot_ws/build/bumper_description -- -j8 -l8
[0.747s] Invoked command in '/home/faraz/bumperbot_ws/build/bumper_description' returned '0': CMAKE_PREFIX_PATH=${CMAKE_PREFIX_PATH}:/home/faraz/bumperbot_ws/install/bumperbot_py_examples:/opt/ros/jazzy DEBUGINFOD_URLS=https://debuginfod.ubuntu.com /usr/bin/cmake --build /home/faraz/bumperbot_ws/build/bumper_description -- -j8 -l8
[0.755s] Invoking command in '/home/faraz/bumperbot_ws/build/bumper_description': CMAKE_PREFIX_PATH=${CMAKE_PREFIX_PATH}:/home/faraz/bumperbot_ws/install/bumperbot_py_examples:/opt/ros/jazzy DEBUGINFOD_URLS=https://debuginfod.ubuntu.com /usr/bin/cmake --install /home/faraz/bumperbot_ws/build/bumper_description
[0.762s] -- Install configuration: ""
[0.762s] -- Installing: /home/faraz/bumperbot_ws/install/bumper_description/share/bumper_description/meshes
[0.763s] -- Installing: /home/faraz/bumperbot_ws/install/bumper_description/share/bumper_description/meshes/caster_front_link.STL
[0.763s] -- Installing: /home/faraz/bumperbot_ws/install/bumper_description/share/bumper_description/meshes/imu_link.STL
[0.763s] -- Installing: /home/faraz/bumperbot_ws/install/bumper_description/share/bumper_description/meshes/wheel_right_link.STL
[0.764s] -- Installing: /home/faraz/bumperbot_ws/install/bumper_description/share/bumper_description/meshes/wheel_left_link.STL
[0.765s] -- Installing: /home/faraz/bumperbot_ws/install/bumper_description/share/bumper_description/meshes/caster_rear_link.STL
[0.765s] -- Installing: /home/faraz/bumperbot_ws/install/bumper_description/share/bumper_description/meshes/base_link.STL
[0.773s] -- Installing: /home/faraz/bumperbot_ws/install/bumper_description/share/bumper_description/urdf
[0.773s] -- Installing: /home/faraz/bumperbot_ws/install/bumper_description/share/bumper_description/urdf/bumperbot.urdf.xacro
[0.773s] -- Installing: /home/faraz/bumperbot_ws/install/bumper_description/share/ament_index/resource_index/package_run_dependencies/bumper_description
[0.774s] -- Installing: /home/faraz/bumperbot_ws/install/bumper_description/share/ament_index/resource_index/parent_prefix_path/bumper_description
[0.774s] -- Installing: /home/faraz/bumperbot_ws/install/bumper_description/share/bumper_description/environment/ament_prefix_path.sh
[0.774s] -- Installing: /home/faraz/bumperbot_ws/install/bumper_description/share/bumper_description/environment/ament_prefix_path.dsv
[0.774s] -- Installing: /home/faraz/bumperbot_ws/install/bumper_description/share/bumper_description/environment/path.sh
[0.774s] -- Installing: /home/faraz/bumperbot_ws/install/bumper_description/share/bumper_description/environment/path.dsv
[0.774s] -- Installing: /home/faraz/bumperbot_ws/install/bumper_description/share/bumper_description/local_setup.bash
[0.774s] -- Installing: /home/faraz/bumperbot_ws/install/bumper_description/share/bumper_description/local_setup.sh
[0.774s] -- Installing: /home/faraz/bumperbot_ws/install/bumper_description/share/bumper_description/local_setup.zsh
[0.774s] -- Installing: /home/faraz/bumperbot_ws/install/bumper_description/share/bumper_description/local_setup.dsv
[0.774s] -- Installing: /home/faraz/bumperbot_ws/install/bumper_description/share/bumper_description/package.dsv
[0.775s] -- Installing: /home/faraz/bumperbot_ws/install/bumper_description/share/ament_index/resource_index/packages/bumper_description
[0.775s] -- Installing: /home/faraz/bumperbot_ws/install/bumper_description/share/bumper_description/cmake/bumper_descriptionConfig.cmake
[0.775s] -- Installing: /home/faraz/bumperbot_ws/install/bumper_description/share/bumper_description/cmake/bumper_descriptionConfig-version.cmake
[0.775s] -- Installing: /home/faraz/bumperbot_ws/install/bumper_description/share/bumper_description/package.xml
[0.777s] Invoked command in '/home/faraz/bumperbot_ws/build/bumper_description' returned '0': CMAKE_PREFIX_PATH=${CMAKE_PREFIX_PATH}:/home/faraz/bumperbot_ws/install/bumperbot_py_examples:/opt/ros/jazzy DEBUGINFOD_URLS=https://debuginfod.ubuntu.com /usr/bin/cmake --install /home/faraz/bumperbot_ws/build/bumper_description
