[0.714s] Invoking command in '/home/faraz/bumperbot_ws/build/bumperbot_py_examples': DEBUGINFOD_URLS=https://debuginfod.ubuntu.com PYTHONPATH=/home/faraz/bumperbot_ws/build/bumperbot_py_examples/prefix_override:/usr/lib/python3/dist-packages/colcon_core/task/python/colcon_distutils_commands:/home/faraz/bumperbot_ws/install/bumperbot_py_examples/lib/python3.12/site-packages:${PYTHONPATH} /usr/bin/python3 -W ignore:setup.py install is deprecated -W ignore:easy_install command is deprecated setup.py develop --uninstall --editable --build-directory /home/faraz/bumperbot_ws/build/bumperbot_py_examples/build
[0.976s] running develop
[1.154s] Removing /home/faraz/bumperbot_ws/install/bumperbot_py_examples/lib/python3.12/site-packages/bumperbot-py-examples.egg-link (link to .)
[1.181s] Invoked command in '/home/faraz/bumperbot_ws/build/bumperbot_py_examples' returned '0': DEBUGINFOD_URLS=https://debuginfod.ubuntu.com PYTHONPATH=/home/faraz/bumperbot_ws/build/bumperbot_py_examples/prefix_override:/usr/lib/python3/dist-packages/colcon_core/task/python/colcon_distutils_commands:/home/faraz/bumperbot_ws/install/bumperbot_py_examples/lib/python3.12/site-packages:${PYTHONPATH} /usr/bin/python3 -W ignore:setup.py install is deprecated -W ignore:easy_install command is deprecated setup.py develop --uninstall --editable --build-directory /home/faraz/bumperbot_ws/build/bumperbot_py_examples/build
[1.182s] Invoking command in '/home/faraz/bumperbot_ws/src/bumperbot_py_examples': DEBUGINFOD_URLS=https://debuginfod.ubuntu.com PYTHONPATH=/home/faraz/bumperbot_ws/build/bumperbot_py_examples/prefix_override:/usr/lib/python3/dist-packages/colcon_core/task/python/colcon_distutils_commands:/home/faraz/bumperbot_ws/install/bumperbot_py_examples/lib/python3.12/site-packages:${PYTHONPATH} /usr/bin/python3 -W ignore:setup.py install is deprecated -W ignore:easy_install command is deprecated setup.py egg_info --egg-base ../../build/bumperbot_py_examples build --build-base /home/faraz/bumperbot_ws/build/bumperbot_py_examples/build install --record /home/faraz/bumperbot_ws/build/bumperbot_py_examples/install.log --single-version-externally-managed install_data --force
[1.416s] running egg_info
[1.434s] writing ../../build/bumperbot_py_examples/bumperbot_py_examples.egg-info/PKG-INFO
[1.435s] writing dependency_links to ../../build/bumperbot_py_examples/bumperbot_py_examples.egg-info/dependency_links.txt
[1.435s] writing entry points to ../../build/bumperbot_py_examples/bumperbot_py_examples.egg-info/entry_points.txt
[1.435s] writing requirements to ../../build/bumperbot_py_examples/bumperbot_py_examples.egg-info/requires.txt
[1.435s] writing top-level names to ../../build/bumperbot_py_examples/bumperbot_py_examples.egg-info/top_level.txt
[1.470s] reading manifest file '../../build/bumperbot_py_examples/bumperbot_py_examples.egg-info/SOURCES.txt'
[1.470s] writing manifest file '../../build/bumperbot_py_examples/bumperbot_py_examples.egg-info/SOURCES.txt'
[1.470s] running build
[1.470s] running build_py
[1.470s] creating /home/faraz/bumperbot_ws/build/bumperbot_py_examples/build
[1.471s] creating /home/faraz/bumperbot_ws/build/bumperbot_py_examples/build/lib
[1.471s] creating /home/faraz/bumperbot_ws/build/bumperbot_py_examples/build/lib/bumperbot_py_examples
[1.471s] copying bumperbot_py_examples/simple_publisher.py -> /home/faraz/bumperbot_ws/build/bumperbot_py_examples/build/lib/bumperbot_py_examples
[1.471s] copying bumperbot_py_examples/__init__.py -> /home/faraz/bumperbot_ws/build/bumperbot_py_examples/build/lib/bumperbot_py_examples
[1.471s] copying bumperbot_py_examples/simple_subscriber.py -> /home/faraz/bumperbot_ws/build/bumperbot_py_examples/build/lib/bumperbot_py_examples
[1.471s] running install
[1.478s] running install_lib
[1.496s] creating /home/faraz/bumperbot_ws/install/bumperbot_py_examples/lib/python3.12/site-packages/bumperbot_py_examples
[1.496s] copying /home/faraz/bumperbot_ws/build/bumperbot_py_examples/build/lib/bumperbot_py_examples/simple_publisher.py -> /home/faraz/bumperbot_ws/install/bumperbot_py_examples/lib/python3.12/site-packages/bumperbot_py_examples
[1.496s] copying /home/faraz/bumperbot_ws/build/bumperbot_py_examples/build/lib/bumperbot_py_examples/__init__.py -> /home/faraz/bumperbot_ws/install/bumperbot_py_examples/lib/python3.12/site-packages/bumperbot_py_examples
[1.496s] copying /home/faraz/bumperbot_ws/build/bumperbot_py_examples/build/lib/bumperbot_py_examples/simple_subscriber.py -> /home/faraz/bumperbot_ws/install/bumperbot_py_examples/lib/python3.12/site-packages/bumperbot_py_examples
[1.497s] byte-compiling /home/faraz/bumperbot_ws/install/bumperbot_py_examples/lib/python3.12/site-packages/bumperbot_py_examples/simple_publisher.py to simple_publisher.cpython-312.pyc
[1.497s] byte-compiling /home/faraz/bumperbot_ws/install/bumperbot_py_examples/lib/python3.12/site-packages/bumperbot_py_examples/__init__.py to __init__.cpython-312.pyc
[1.497s] byte-compiling /home/faraz/bumperbot_ws/install/bumperbot_py_examples/lib/python3.12/site-packages/bumperbot_py_examples/simple_subscriber.py to simple_subscriber.cpython-312.pyc
[1.498s] running install_data
[1.498s] copying resource/bumperbot_py_examples -> /home/faraz/bumperbot_ws/install/bumperbot_py_examples/share/ament_index/resource_index/packages
[1.498s] copying package.xml -> /home/faraz/bumperbot_ws/install/bumperbot_py_examples/share/bumperbot_py_examples
[1.498s] running install_egg_info
[1.519s] Copying ../../build/bumperbot_py_examples/bumperbot_py_examples.egg-info to /home/faraz/bumperbot_ws/install/bumperbot_py_examples/lib/python3.12/site-packages/bumperbot_py_examples-0.0.0-py3.12.egg-info
[1.519s] running install_scripts
[1.636s] Installing simple_publisher script to /home/faraz/bumperbot_ws/install/bumperbot_py_examples/lib/bumperbot_py_examples
[1.636s] Installing simple_subscriber script to /home/faraz/bumperbot_ws/install/bumperbot_py_examples/lib/bumperbot_py_examples
[1.636s] writing list of installed files to '/home/faraz/bumperbot_ws/build/bumperbot_py_examples/install.log'
[1.662s] Invoked command in '/home/faraz/bumperbot_ws/src/bumperbot_py_examples' returned '0': DEBUGINFOD_URLS=https://debuginfod.ubuntu.com PYTHONPATH=/home/faraz/bumperbot_ws/build/bumperbot_py_examples/prefix_override:/usr/lib/python3/dist-packages/colcon_core/task/python/colcon_distutils_commands:/home/faraz/bumperbot_ws/install/bumperbot_py_examples/lib/python3.12/site-packages:${PYTHONPATH} /usr/bin/python3 -W ignore:setup.py install is deprecated -W ignore:easy_install command is deprecated setup.py egg_info --egg-base ../../build/bumperbot_py_examples build --build-base /home/faraz/bumperbot_ws/build/bumperbot_py_examples/build install --record /home/faraz/bumperbot_ws/build/bumperbot_py_examples/install.log --single-version-externally-managed install_data --force
